<?xml version="1.0" encoding="UTF-8"?>
<!-- Generated by org.testng.reporters.JUnitReportReporter -->
<testsuite skipped="0" hostname="DESKTOP-PPOL0UJ" name="screencapture.OrangeHRM" tests="1" failures="0" timestamp="10 Jun 2022 02:09:36 GMT" time="2.125" errors="0">
  <testcase name="doLogin" time="2.125" classname="screencapture.OrangeHRM"/>
</testsuite> <!-- screencapture.OrangeHRM -->
